<?xml version="1.0" encoding="UTF-8"?>
<!-- Generated by org.testng.reporters.JUnitXMLReporter -->
<testsuite ignored="0" hostname="LAPTOP-5KMFOFH9" failures="0" tests="3" name="LoginTest" time="3.924" errors="0" timestamp="2024-04-05T10:45:46 IST">
  <testcase classname="com.SwagLabs.TestCases.BaseClass" name="@BeforeTest setUpBrowser" time="3.795">
    <failure type="java.lang.NullPointerException" message="Cannot invoke &amp;quot;com.aventstack.extentreports.ExtentTest.pass(String)&amp;quot; because &amp;quot;this.test&amp;quot; is null">
      <![CDATA[java.lang.NullPointerException: Cannot invoke "com.aventstack.extentreports.ExtentTest.pass(String)" because "this.test" is null
at com.SwagLabs.TestCases.BaseClass.setUpBrowser(BaseClass.java:64)
... Removed 24 stack frames]]>
    </failure>
  </testcase> <!-- @BeforeTest setUpBrowser -->
  <testcase classname="com.SwagLabs.TestCases.BaseClass" name="@BeforeClass pageSetUp" time="0.0">
    <skipped/>
  </testcase> <!-- @BeforeClass pageSetUp -->
  <testcase classname="com.SwagLabs.TestCases.LoginPageTest" name="verifyUrl" time="0.0">
    <skipped/>
  </testcase> <!-- verifyUrl -->
  <testcase classname="com.SwagLabs.TestCases.LoginPageTest" name="verifyTitle" time="0.0">
    <skipped/>
  </testcase> <!-- verifyTitle -->
  <testcase classname="com.SwagLabs.TestCases.LoginPageTest" name="verifyLogin" time="0.0">
    <skipped/>
  </testcase> <!-- verifyLogin -->
</testsuite> <!-- LoginTest -->
